<?xml version="1.0" encoding="UTF-8"?>
<!-- Generated by org.testng.reporters.JUnitXMLReporter -->
<testsuite hostname="DESKTOP-8CDRF3F" name="Command line test" tests="3" failures="0" timestamp="2 Feb 2016 05:38:50 GMT" time="3.344" errors="0">
  <testcase name="" time="0.286" classname="springmvc.model.dao.ApplicationDaoTest"/>
  <testcase name="" time="0.021" classname="springmvc.model.dao.DepartmentDaoTest"/>
  <testcase name="" time="0.015" classname="springmvc.model.dao.UserDaoTest"/>
</testsuite> <!-- Command line test -->
