<?xml version="1.0" encoding="UTF-8"?>
<!-- Generated by org.testng.reporters.JUnitXMLReporter -->
<testsuite hostname="DESKTOP-8CDRF3F" name="Command line test" tests="4" failures="0" timestamp="16 Feb 2016 07:36:08 GMT" time="3.624" errors="0">
  <testcase name="" time="0.28" classname="springmvc.model.dao.ApplicationDaoTest"/>
  <testcase name="" time="0.019" classname="springmvc.model.dao.DepartmentDaoTest"/>
  <testcase name="" time="0.014" classname="springmvc.model.dao.UserDaoTest"/>
  <testcase name="" time="0.007" classname="springmvc.model.dao.UserTypeDaoTest"/>
</testsuite> <!-- Command line test -->
