<?xml version="1.0" encoding="UTF-8" ?>
<testsuite failures="0" time="0.322" errors="0" skipped="0" tests="4" name="TestSuite">
  <properties>
[...]
</properties>
  <testcase time="0.282" classname="springmvc.model.dao.ApplicationDaoTest" name="(springmvc.model.dao.ApplicationDaoTest)"/>
  <testcase time="0.019" classname="springmvc.model.dao.DepartmentDaoTest" name="(springmvc.model.dao.DepartmentDaoTest)"/>
  <testcase time="0.014" classname="springmvc.model.dao.UserDaoTest" name="(springmvc.model.dao.UserDaoTest)"/>
  <testcase time="0.007" classname="springmvc.model.dao.UserTypeDaoTest" name="(springmvc.model.dao.UserTypeDaoTest)"/>
</testsuite>