<?xml version="1.0" encoding="UTF-8"?>
<testng-results skipped="0" failed="0" total="4" passed="4">
  <reporter-output>
  </reporter-output>
  <suite name="Command line suite" duration-ms="3624" started-at="2016-02-16T07:36:05Z" finished-at="2016-02-16T07:36:08Z">
    <groups>
      <group name="DepartmentnDaoTest">
        <method signature="DepartmentDaoTest.getDepartment()[pri:0, instance:springmvc.model.dao.DepartmentDaoTest@4ab7532a]" name="getDepartment" class="springmvc.model.dao.DepartmentDaoTest"/>
      </group> <!-- DepartmentnDaoTest -->
      <group name="UserDaoTest">
        <method signature="UserDaoTest.getUser()[pri:0, instance:springmvc.model.dao.UserDaoTest@49b510b8]" name="getUser" class="springmvc.model.dao.UserDaoTest"/>
      </group> <!-- UserDaoTest -->
      <group name="ApplicationDaoTest">
        <method signature="ApplicationDaoTest.getApplication()[pri:0, instance:springmvc.model.dao.ApplicationDaoTest@78114b]" name="getApplication" class="springmvc.model.dao.ApplicationDaoTest"/>
      </group> <!-- ApplicationDaoTest -->
      <group name="UserTypeDaoTest">
        <method signature="UserTypeDaoTest.getUserType()[pri:0, instance:springmvc.model.dao.UserTypeDaoTest@e5cc5d6]" name="getUserType" class="springmvc.model.dao.UserTypeDaoTest"/>
      </group> <!-- UserTypeDaoTest -->
    </groups>
    <test name="Command line test" duration-ms="3624" started-at="2016-02-16T07:36:05Z" finished-at="2016-02-16T07:36:08Z">
      <class name="springmvc.model.dao.UserTypeDaoTest">
        <test-method status="PASS" signature="springTestContextBeforeTestClass()[pri:0, instance:springmvc.model.dao.UserTypeDaoTest@e5cc5d6]" test-instance-name="" name="springTestContextBeforeTestClass" is-config="true" duration-ms="1" started-at="2016-02-15T23:36:08Z" finished-at="2016-02-15T23:36:08Z">
          <reporter-output>
          </reporter-output>
        </test-method> <!-- springTestContextBeforeTestClass -->
        <test-method name="springTestContextPrepareTestInstance" test-instance-name="" signature="springTestContextPrepareTestInstance()[pri:0, instance:springmvc.model.dao.UserTypeDaoTest@e5cc5d6]" is-config="true" status="PASS" duration-ms="6" finished-at="2016-02-15T23:36:08Z" started-at="2016-02-15T23:36:08Z" depends-on-methods="org.springframework.test.context.testng.AbstractTestNGSpringContextTests.springTestContextBeforeTestClass">
          <reporter-output>
          </reporter-output>
        </test-method> <!-- springTestContextPrepareTestInstance -->
        <test-method status="PASS" signature="springTestContextBeforeTestMethod(java.lang.reflect.Method)[pri:0, instance:springmvc.model.dao.UserTypeDaoTest@e5cc5d6]" test-instance-name="" name="springTestContextBeforeTestMethod" is-config="true" duration-ms="5" started-at="2016-02-15T23:36:08Z" finished-at="2016-02-15T23:36:08Z">
          <params>
            <param index="0">
              <value>
                <![CDATA[public void springmvc.model.dao.UserTypeDaoTest.getUserType()]]>
              </value>
            </param>
          </params>
          <reporter-output>
          </reporter-output>
        </test-method> <!-- springTestContextBeforeTestMethod -->
        <test-method status="PASS" signature="getUserType()[pri:0, instance:springmvc.model.dao.UserTypeDaoTest@e5cc5d6]" test-instance-name="" name="getUserType" duration-ms="7" started-at="2016-02-15T23:36:08Z" finished-at="2016-02-15T23:36:08Z">
          <reporter-output>
          </reporter-output>
        </test-method> <!-- getUserType -->
        <test-method status="PASS" signature="springTestContextAfterTestMethod(java.lang.reflect.Method)[pri:0, instance:springmvc.model.dao.UserTypeDaoTest@e5cc5d6]" test-instance-name="" name="springTestContextAfterTestMethod" is-config="true" duration-ms="7" started-at="2016-02-15T23:36:08Z" finished-at="2016-02-15T23:36:08Z">
          <params>
            <param index="0">
              <value>
                <![CDATA[public void springmvc.model.dao.UserTypeDaoTest.getUserType()]]>
              </value>
            </param>
          </params>
          <reporter-output>
          </reporter-output>
        </test-method> <!-- springTestContextAfterTestMethod -->
        <test-method status="PASS" signature="springTestContextAfterTestClass()[pri:0, instance:springmvc.model.dao.UserTypeDaoTest@e5cc5d6]" test-instance-name="" name="springTestContextAfterTestClass" is-config="true" duration-ms="1" started-at="2016-02-15T23:36:08Z" finished-at="2016-02-15T23:36:08Z">
          <reporter-output>
          </reporter-output>
        </test-method> <!-- springTestContextAfterTestClass -->
      </class> <!-- springmvc.model.dao.UserTypeDaoTest -->
      <class name="springmvc.model.dao.ApplicationDaoTest">
        <test-method status="PASS" signature="springTestContextBeforeTestClass()[pri:0, instance:springmvc.model.dao.ApplicationDaoTest@78114b]" test-instance-name="" name="springTestContextBeforeTestClass" is-config="true" duration-ms="17" started-at="2016-02-15T23:36:05Z" finished-at="2016-02-15T23:36:05Z">
          <reporter-output>
          </reporter-output>
        </test-method> <!-- springTestContextBeforeTestClass -->
        <test-method name="springTestContextPrepareTestInstance" test-instance-name="" signature="springTestContextPrepareTestInstance()[pri:0, instance:springmvc.model.dao.ApplicationDaoTest@78114b]" is-config="true" status="PASS" duration-ms="3110" finished-at="2016-02-15T23:36:08Z" started-at="2016-02-15T23:36:05Z" depends-on-methods="org.springframework.test.context.testng.AbstractTestNGSpringContextTests.springTestContextBeforeTestClass">
          <reporter-output>
          </reporter-output>
        </test-method> <!-- springTestContextPrepareTestInstance -->
        <test-method status="PASS" signature="springTestContextBeforeTestMethod(java.lang.reflect.Method)[pri:0, instance:springmvc.model.dao.ApplicationDaoTest@78114b]" test-instance-name="" name="springTestContextBeforeTestMethod" is-config="true" duration-ms="100" started-at="2016-02-15T23:36:08Z" finished-at="2016-02-15T23:36:08Z">
          <params>
            <param index="0">
              <value>
                <![CDATA[public void springmvc.model.dao.ApplicationDaoTest.getApplication()]]>
              </value>
            </param>
          </params>
          <reporter-output>
          </reporter-output>
        </test-method> <!-- springTestContextBeforeTestMethod -->
        <test-method status="PASS" signature="getApplication()[pri:0, instance:springmvc.model.dao.ApplicationDaoTest@78114b]" test-instance-name="" name="getApplication" duration-ms="280" started-at="2016-02-15T23:36:08Z" finished-at="2016-02-15T23:36:08Z">
          <reporter-output>
          </reporter-output>
        </test-method> <!-- getApplication -->
        <test-method status="PASS" signature="springTestContextAfterTestMethod(java.lang.reflect.Method)[pri:0, instance:springmvc.model.dao.ApplicationDaoTest@78114b]" test-instance-name="" name="springTestContextAfterTestMethod" is-config="true" duration-ms="9" started-at="2016-02-15T23:36:08Z" finished-at="2016-02-15T23:36:08Z">
          <params>
            <param index="0">
              <value>
                <![CDATA[public void springmvc.model.dao.ApplicationDaoTest.getApplication()]]>
              </value>
            </param>
          </params>
          <reporter-output>
          </reporter-output>
        </test-method> <!-- springTestContextAfterTestMethod -->
        <test-method status="PASS" signature="springTestContextAfterTestClass()[pri:0, instance:springmvc.model.dao.ApplicationDaoTest@78114b]" test-instance-name="" name="springTestContextAfterTestClass" is-config="true" duration-ms="1" started-at="2016-02-15T23:36:08Z" finished-at="2016-02-15T23:36:08Z">
          <reporter-output>
          </reporter-output>
        </test-method> <!-- springTestContextAfterTestClass -->
      </class> <!-- springmvc.model.dao.ApplicationDaoTest -->
      <class name="springmvc.model.dao.DepartmentDaoTest">
        <test-method name="springTestContextPrepareTestInstance" test-instance-name="" signature="springTestContextPrepareTestInstance()[pri:0, instance:springmvc.model.dao.DepartmentDaoTest@4ab7532a]" is-config="true" status="PASS" duration-ms="7" finished-at="2016-02-15T23:36:08Z" started-at="2016-02-15T23:36:08Z" depends-on-methods="org.springframework.test.context.testng.AbstractTestNGSpringContextTests.springTestContextBeforeTestClass">
          <reporter-output>
          </reporter-output>
        </test-method> <!-- springTestContextPrepareTestInstance -->
        <test-method status="PASS" signature="springTestContextBeforeTestClass()[pri:0, instance:springmvc.model.dao.DepartmentDaoTest@4ab7532a]" test-instance-name="" name="springTestContextBeforeTestClass" is-config="true" duration-ms="0" started-at="2016-02-15T23:36:08Z" finished-at="2016-02-15T23:36:08Z">
          <reporter-output>
          </reporter-output>
        </test-method> <!-- springTestContextBeforeTestClass -->
        <test-method status="PASS" signature="springTestContextBeforeTestMethod(java.lang.reflect.Method)[pri:0, instance:springmvc.model.dao.DepartmentDaoTest@4ab7532a]" test-instance-name="" name="springTestContextBeforeTestMethod" is-config="true" duration-ms="4" started-at="2016-02-15T23:36:08Z" finished-at="2016-02-15T23:36:08Z">
          <params>
            <param index="0">
              <value>
                <![CDATA[public void springmvc.model.dao.DepartmentDaoTest.getDepartment()]]>
              </value>
            </param>
          </params>
          <reporter-output>
          </reporter-output>
        </test-method> <!-- springTestContextBeforeTestMethod -->
        <test-method status="PASS" signature="getDepartment()[pri:0, instance:springmvc.model.dao.DepartmentDaoTest@4ab7532a]" test-instance-name="" name="getDepartment" duration-ms="19" started-at="2016-02-15T23:36:08Z" finished-at="2016-02-15T23:36:08Z">
          <reporter-output>
          </reporter-output>
        </test-method> <!-- getDepartment -->
        <test-method status="PASS" signature="springTestContextAfterTestMethod(java.lang.reflect.Method)[pri:0, instance:springmvc.model.dao.DepartmentDaoTest@4ab7532a]" test-instance-name="" name="springTestContextAfterTestMethod" is-config="true" duration-ms="4" started-at="2016-02-15T23:36:08Z" finished-at="2016-02-15T23:36:08Z">
          <params>
            <param index="0">
              <value>
                <![CDATA[public void springmvc.model.dao.DepartmentDaoTest.getDepartment()]]>
              </value>
            </param>
          </params>
          <reporter-output>
          </reporter-output>
        </test-method> <!-- springTestContextAfterTestMethod -->
        <test-method status="PASS" signature="springTestContextAfterTestClass()[pri:0, instance:springmvc.model.dao.DepartmentDaoTest@4ab7532a]" test-instance-name="" name="springTestContextAfterTestClass" is-config="true" duration-ms="0" started-at="2016-02-15T23:36:08Z" finished-at="2016-02-15T23:36:08Z">
          <reporter-output>
          </reporter-output>
        </test-method> <!-- springTestContextAfterTestClass -->
      </class> <!-- springmvc.model.dao.DepartmentDaoTest -->
      <class name="springmvc.model.dao.UserDaoTest">
        <test-method status="PASS" signature="springTestContextBeforeTestClass()[pri:0, instance:springmvc.model.dao.UserDaoTest@49b510b8]" test-instance-name="" name="springTestContextBeforeTestClass" is-config="true" duration-ms="1" started-at="2016-02-15T23:36:08Z" finished-at="2016-02-15T23:36:08Z">
          <reporter-output>
          </reporter-output>
        </test-method> <!-- springTestContextBeforeTestClass -->
        <test-method name="springTestContextPrepareTestInstance" test-instance-name="" signature="springTestContextPrepareTestInstance()[pri:0, instance:springmvc.model.dao.UserDaoTest@49b510b8]" is-config="true" status="PASS" duration-ms="6" finished-at="2016-02-15T23:36:08Z" started-at="2016-02-15T23:36:08Z" depends-on-methods="org.springframework.test.context.testng.AbstractTestNGSpringContextTests.springTestContextBeforeTestClass">
          <reporter-output>
          </reporter-output>
        </test-method> <!-- springTestContextPrepareTestInstance -->
        <test-method status="PASS" signature="springTestContextBeforeTestMethod(java.lang.reflect.Method)[pri:0, instance:springmvc.model.dao.UserDaoTest@49b510b8]" test-instance-name="" name="springTestContextBeforeTestMethod" is-config="true" duration-ms="4" started-at="2016-02-15T23:36:08Z" finished-at="2016-02-15T23:36:08Z">
          <params>
            <param index="0">
              <value>
                <![CDATA[public void springmvc.model.dao.UserDaoTest.getUser()]]>
              </value>
            </param>
          </params>
          <reporter-output>
          </reporter-output>
        </test-method> <!-- springTestContextBeforeTestMethod -->
        <test-method status="PASS" signature="getUser()[pri:0, instance:springmvc.model.dao.UserDaoTest@49b510b8]" test-instance-name="" name="getUser" duration-ms="14" started-at="2016-02-15T23:36:08Z" finished-at="2016-02-15T23:36:08Z">
          <reporter-output>
          </reporter-output>
        </test-method> <!-- getUser -->
        <test-method status="PASS" signature="springTestContextAfterTestMethod(java.lang.reflect.Method)[pri:0, instance:springmvc.model.dao.UserDaoTest@49b510b8]" test-instance-name="" name="springTestContextAfterTestMethod" is-config="true" duration-ms="4" started-at="2016-02-15T23:36:08Z" finished-at="2016-02-15T23:36:08Z">
          <params>
            <param index="0">
              <value>
                <![CDATA[public void springmvc.model.dao.UserDaoTest.getUser()]]>
              </value>
            </param>
          </params>
          <reporter-output>
          </reporter-output>
        </test-method> <!-- springTestContextAfterTestMethod -->
        <test-method status="PASS" signature="springTestContextAfterTestClass()[pri:0, instance:springmvc.model.dao.UserDaoTest@49b510b8]" test-instance-name="" name="springTestContextAfterTestClass" is-config="true" duration-ms="0" started-at="2016-02-15T23:36:08Z" finished-at="2016-02-15T23:36:08Z">
          <reporter-output>
          </reporter-output>
        </test-method> <!-- springTestContextAfterTestClass -->
      </class> <!-- springmvc.model.dao.UserDaoTest -->
    </test> <!-- Command line test -->
  </suite> <!-- Command line suite -->
</testng-results>
